<?xml version="1.0" encoding="UTF-8"?>
<TestRun id="09d1da6f-249d-4b01-a893-cc36220c72e8" name="KRIS@KRIS-PC 2016-06-28 01:27:20" runUser="KRIS-PC\KRIS" xmlns="http://microsoft.com/schemas/VisualStudio/TeamTest/2010">
  <TestSettings name="Default Test Settings" id="d6060b3e-eee1-48ec-b4d1-b2c164467946">
    <Execution>
      <TestTypeSpecific />
      <AgentRule name="Execution Agents">
      </AgentRule>
    </Execution>
    <Deployment runDeploymentRoot="KRIS_KRIS-PC 2016-06-28 01_27_20" />
    <Properties />
  </TestSettings>
  <Times creation="2016-06-28T01:27:20.8340559+08:00" queuing="2016-06-28T01:27:23.1321873+08:00" start="2016-06-28T01:27:23.4122033+08:00" finish="2016-06-28T01:27:25.0562974+08:00" />
  <ResultSummary outcome="Failed">
    <Counters total="1" executed="1" error="0" failed="1" timeout="0" aborted="0" inconclusive="0" passedButRunAborted="0" notRunnable="0" notExecuted="0" disconnected="0" warning="0" passed="0" completed="0" inProgress="0" pending="0" />
  </ResultSummary>
  <TestDefinitions>
    <UnitTest name="TestMethod1" storage="demomstest.dll" id="d284ee75-f858-6e1a-5dae-26677ee7a8cd">
      <Execution id="e2b80504-66b6-45ec-a791-093319e477b2" />
      <TestMethod codeBase="C:/Users/KRIS/Documents/GitHub/KAutoFrame/DemoMSTest/bin/Debug/DemoMSTest.dll" adapterTypeName="Microsoft.VisualStudio.TestTools.TestTypes.Unit.UnitTestAdapter, Microsoft.VisualStudio.QualityTools.Tips.UnitTest.Adapter, Version=12.0.0.0, Culture=neutral, PublicKeyToken=b03f5f7f11d50a3a" className="DemoMSTest.UnitTest1, DemoMSTest, Version=1.0.0.0, Culture=neutral, PublicKeyToken=null" name="TestMethod1" />
    </UnitTest>
  </TestDefinitions>
  <TestLists>
    <TestList name="Results Not in a List" id="8c84fa94-04c1-424b-9868-57a2d4851a1d" />
    <TestList name="All Loaded Results" id="19431567-8539-422a-85d7-44ee4e166bda" />
  </TestLists>
  <TestEntries>
    <TestEntry testId="d284ee75-f858-6e1a-5dae-26677ee7a8cd" executionId="e2b80504-66b6-45ec-a791-093319e477b2" testListId="8c84fa94-04c1-424b-9868-57a2d4851a1d" />
  </TestEntries>
  <Results>
    <UnitTestResult executionId="e2b80504-66b6-45ec-a791-093319e477b2" testId="d284ee75-f858-6e1a-5dae-26677ee7a8cd" testName="TestMethod1" computerName="KRIS-PC" duration="00:00:00.4376103" startTime="2016-06-28T01:27:23.5142092+08:00" endTime="2016-06-28T01:27:24.9142892+08:00" testType="13cdc9d9-ddb5-4fa4-a97d-d965ccfc6d4b" outcome="Failed" testListId="8c84fa94-04c1-424b-9868-57a2d4851a1d" relativeResultsDirectory="e2b80504-66b6-45ec-a791-093319e477b2">
      <Output>
        <ErrorInfo>
          <Message>Initialization method DemoMSTest.UnitTest1.BeforeTest threw exception. OpenQA.Selenium.DriverServiceNotFoundException: OpenQA.Selenium.DriverServiceNotFoundException: The chromedriver.exe file does not exist in the current directory or in a directory on the PATH environment variable. The driver can be downloaded at http://chromedriver.storage.googleapis.com/index.html..</Message>
          <StackTrace>    at OpenQA.Selenium.DriverService.FindDriverServiceExecutable(String executableName, Uri downloadUrl)
   at OpenQA.Selenium.Chrome.ChromeDriverService.CreateDefaultService()
   at OpenQA.Selenium.Chrome.ChromeDriver..ctor(ChromeOptions options)
   at KAutoFrame.Base.DriverContext.Start() in c:\Users\KRIS\Documents\GitHub\KAutoFrame\KAutoFrame\Base\DriverContext.cs:line 115
   at KAutoFrame.Base.Base.BeforeTest() in c:\Users\KRIS\Documents\GitHub\KAutoFrame\KAutoFrame\Base\Base.cs:line 70
</StackTrace>
        </ErrorInfo>
      </Output>
    </UnitTestResult>
  </Results>
</TestRun>